\BOOKMARK [0][-]{chapter.1}{\376\377\004\041\004\061\004\076\004\100\004\072\004\060\000\040\000\253\004\037\004\070\004\076\004\075\004\065\004\100\004\060\000\273}{}% 1
\BOOKMARK [1][-]{section.1.1}{\376\377\004\041\004\061\004\076\004\100\004\072\004\060\000\040\004\100\004\060\004\074\004\113}{chapter.1}% 2
\BOOKMARK [1][-]{section.1.2}{\376\377\004\041\004\061\004\076\004\100\004\072\004\060\000\040\004\067\004\060\004\111\004\070\004\102\004\113}{chapter.1}% 3
\BOOKMARK [1][-]{section.1.3}{\376\377\004\037\004\065\004\100\004\062\004\076\004\065\000\040\004\062\004\072\004\073\004\116\004\107\004\065\004\075\004\070\004\065}{chapter.1}% 4
\BOOKMARK [0][-]{chapter.2}{\376\377\004\035\004\060\004\101\004\102\004\100\004\076\004\071\004\072\004\070}{}% 5
\BOOKMARK [1][-]{section.2.1}{\376\377\004\036\004\061\004\075\004\076\004\062\004\073\004\065\004\075\004\070\004\065\000\040\004\077\004\100\004\076\004\110\004\070\004\062\004\072\004\070}{chapter.2}% 6
\BOOKMARK [1][-]{section.2.2}{\376\377\004\035\004\060\004\101\004\102\004\100\004\076\004\071\004\072\004\060\000\040\004\077\004\103\004\073\004\114\004\102\004\060}{chapter.2}% 7
\BOOKMARK [1][-]{section.2.3}{\376\377\004\041\004\062\004\117\004\067\004\114\000\040\004\077\004\103\004\073\004\114\004\102\004\060\000\040\004\101\000\040\004\077\004\100\004\070\004\065\004\074\004\075\004\070\004\072\004\076\004\074}{chapter.2}% 8
\BOOKMARK [1][-]{section.2.4}{\376\377\004\035\004\060\004\101\004\102\004\100\004\076\004\071\004\072\004\060\000\040\004\077\004\060\004\100\004\060\004\074\004\065\004\102\004\100\004\076\004\062\000\040\004\060\004\062\004\102\004\076\004\077\004\070\004\073\004\076\004\102\004\060}{chapter.2}% 9
\BOOKMARK [0][-]{chapter.3}{\376\377\004\037\004\076\004\073\004\065\004\102}{}% 10
\BOOKMARK [1][-]{section.3.1}{\376\377\000C\004\070\004\074\004\103\004\073\004\117\004\102\004\076\004\100}{chapter.3}% 11
\BOOKMARK [1][-]{section.3.2}{\376\377\004\020\004\072\004\072\004\103\004\074\004\103\004\073\004\117\004\102\004\076\004\100\004\075\004\060\004\117\000\040\004\061\004\060\004\102\004\060\004\100\004\065\004\117}{chapter.3}% 12
\BOOKMARK [1][-]{section.3.3}{\376\377\004\021\004\065\004\067\004\076\004\077\004\060\004\101\004\075\004\076\004\101\004\102\004\114\000\040\004\077\004\100\004\070\000\040\004\077\004\076\004\073\004\065\004\102\004\065}{chapter.3}% 13
\BOOKMARK [1][-]{section.3.4}{\376\377\004\037\004\103\004\073\004\114\004\102\000\040\004\100\004\060\004\064\004\070\004\076\004\103\004\077\004\100\004\060\004\062\004\073\004\065\004\075\004\070\004\117}{chapter.3}% 14
\BOOKMARK [1][-]{section.3.5}{\376\377\004\043\004\077\004\100\004\060\004\062\004\073\004\065\004\075\004\070\004\065}{chapter.3}% 15
\BOOKMARK [1][-]{section.3.6}{\376\377\004\037\004\076\004\064\004\063\004\076\004\102\004\076\004\062\004\072\004\060\000\040\004\072\000\040\004\077\004\076\004\073\004\065\004\102\004\103\000\040\000-\000\040\004\077\004\065\004\100\004\062\004\113\004\071\000\040\004\101\004\102\004\060\004\100\004\102\000.}{chapter.3}% 16
\BOOKMARK [0][-]{chapter.4}{\376\377\004\024\004\076\004\077\004\076\004\073\004\075\004\070\004\102\004\065\004\073\004\114\004\075\004\113\004\065\000\040\004\074\004\076\004\064\004\103\004\073\004\070}{}% 17
\BOOKMARK [1][-]{section.4.1}{\376\377\004\037\004\073\004\060\004\102\004\060\000\040\004\077\004\076\004\064\004\072\004\073\004\116\004\107\004\065\004\075\004\070\004\117\000\040\004\064\004\076\004\077\004\076\004\073\004\075\004\070\004\102\004\065\004\073\004\114\004\075\004\113\004\105\000\040\004\074\004\076\004\064\004\103\004\073\004\065\004\071}{chapter.4}% 18
\BOOKMARK [1][-]{section.4.2}{\376\377\004\034\004\076\004\064\004\103\004\073\004\114\000\040\004\067\004\060\004\105\004\062\004\060\004\102\004\060\000\040\004\063\004\100\004\103\004\067\004\060}{chapter.4}% 19
\BOOKMARK [1][-]{section.4.3}{\376\377\004\034\004\076\004\064\004\103\004\073\004\114\000\040\004\075\004\060\004\062\004\070\004\063\004\060\004\106\004\070\004\070\000\040\000G\000P\000S\000\040\004\023\004\073\004\076\004\075\004\060\004\101\004\101}{chapter.4}% 20
\BOOKMARK [1][-]{section.4.4}{\376\377\004\037\004\100\004\076\004\063\004\100\004\060\004\074\004\074\004\070\004\100\004\103\004\065\004\074\004\060\004\117\000\040\004\072\004\060\004\074\004\065\004\100\004\060\000\040\000O\000p\000e\000n\000M\000V}{chapter.4}% 21
\BOOKMARK [1][-]{section.4.5}{\376\377\004\034\004\076\004\064\004\103\004\073\004\114\000\040\004\076\004\077\004\102\004\070\004\107\004\065\004\101\004\072\004\076\004\063\004\076\000\040\004\077\004\076\004\067\004\070\004\106\004\070\004\076\004\075\004\070\004\100\004\076\004\062\004\060\004\075\004\070\004\117}{chapter.4}% 22
\BOOKMARK [1][-]{section.4.6}{\376\377\004\034\004\076\004\064\004\103\004\073\004\114\000\040\000L\000E\000D}{chapter.4}% 23
\BOOKMARK [1][-]{section.4.7}{\376\377\004\037\004\076\004\064\004\062\004\065\004\101\000\040\004\064\004\073\004\117\000\040\004\072\004\060\004\074\004\065\004\100\004\113\000\040\000G\000o\000P\000r\000o}{chapter.4}% 24
\BOOKMARK [1][-]{section.4.8}{\376\377\004\032\004\060\004\074\004\065\004\100\004\060\000\040\004\064\004\073\004\117\000\040\004\104\004\076\004\102\004\076\000\040\004\070\000\040\004\062\004\070\004\064\004\065\004\076\000\040\004\101\004\112\004\065\004\074\004\072\004\070}{chapter.4}% 25
\BOOKMARK [1][-]{section.4.9}{\376\377\000F\000P\000V\000\040\004\072\004\076\004\074\004\077\004\073\004\065\004\072\004\102}{chapter.4}% 26
\BOOKMARK [1][-]{section.4.10}{\376\377\004\021\004\076\004\100\004\102\004\076\004\062\004\076\004\071\000\040\004\074\004\076\004\064\004\103\004\073\004\114\000\040\004\075\004\060\004\062\004\070\004\063\004\060\004\106\004\070\004\070\000\040\004\062\000\040\004\077\004\076\004\074\004\065\004\111\004\065\004\075\004\070\004\070}{chapter.4}% 27
\BOOKMARK [0][-]{chapter.5}{\376\377\004\037\004\100\004\076\004\063\004\100\004\060\004\074\004\074\004\070\004\100\004\076\004\062\004\060\004\075\004\070\004\065}{}% 28
\BOOKMARK [1][-]{section.5.1}{\376\377\004\022\004\070\004\067\004\103\004\060\004\073\004\114\004\075\004\076\004\065\000\040\004\077\004\100\004\076\004\063\004\100\004\060\004\074\004\074\004\070\004\100\004\076\004\062\004\060\004\075\004\070\004\065\000\040\000T\000R\000I\000K}{chapter.5}% 29
\BOOKMARK [1][-]{section.5.2}{\376\377\000P\000i\000o\000n\000e\000e\000r\000\040\000S\000t\000a\000t\000i\000o\000n}{chapter.5}% 30
\BOOKMARK [1][-]{section.5.3}{\376\377\004\037\004\100\004\076\004\063\004\100\004\060\004\074\004\074\004\070\004\100\004\076\004\062\004\060\004\075\004\070\004\065\000\040\004\075\004\060\000\040\000L\000u\000a}{chapter.5}% 31
\BOOKMARK [0][-]{chapter.6}{\376\377\004\041\004\070\004\101\004\102\004\065\004\074\004\060\000\040\004\075\004\060\004\062\004\070\004\063\004\060\004\106\004\070\004\070\000\040\004\062\000\040\004\077\004\076\004\074\004\065\004\111\004\065\004\075\004\070\004\070\000\040\004\023\004\065\004\076\004\101\004\072\004\060\004\075\000\040\004\033\004\076\004\072\004\103\004\101}{}% 32
\BOOKMARK [1][-]{section.6.1}{\376\377\004\043\004\101\004\102\004\060\004\075\004\076\004\062\004\072\004\060\000\040\004\077\004\076\004\073\004\065\004\102\004\075\004\076\004\071\000\040\004\067\004\076\004\075\004\113}{chapter.6}% 33
\BOOKMARK [1][-]{section.6.2}{\376\377\004\036\004\061\004\075\004\076\004\062\004\073\004\065\004\075\004\070\004\065\000\040\004\077\004\100\004\076\004\110\004\070\004\062\004\072\004\070\000\040\004\101\004\070\004\101\004\102\004\065\004\074\004\113\000\040\004\075\004\060\004\062\004\070\004\063\004\060\004\106\004\070\004\070}{chapter.6}% 34
\BOOKMARK [0][-]{chapter.7}{\376\377\000F\000A\000Q}{}% 35
\BOOKMARK [0][-]{chapter.8}{\376\377\000C\000h\000a\000n\000g\000e\000l\000o\000g}{}% 36
\BOOKMARK [1][-]{section.8.1}{\376\377\0002\0000\000/\0000\0006\000/\0002\0000\0001\0009}{chapter.8}% 37
\BOOKMARK [1][-]{section.8.2}{\376\377\0001\0001\000/\0000\0002\000/\0002\0000\0001\0009}{chapter.8}% 38
\BOOKMARK [1][-]{section.8.3}{\376\377\0001\000/\0000\0002\000/\0002\0000\0001\0009}{chapter.8}% 39
